app/build/outputs/logs/manifest-merger-debug-report.txt
-- Merging decision tree log ---
manifest
ADDED from src/main/AndroidManifest.xml:2:1-161:12
INJECTED from src/main/AndroidManifest.xml:2:1-161:12
INJECTED from src/main/AndroidManifest.xml:2:1-161:12
INJECTED from src/main/AndroidManifest.xml:2:1-161:12
INJECTED from src/main/AndroidManifest.xml:2:1-161:12
INJECTED from src/main/AndroidManifest.xml:2:1-161:12
INJECTED from src/main/AndroidManifest.xml:2:1-161:12
	package
		ADDED from src/main/AndroidManifest.xml:3:5-36
		INJECTED from src/main/AndroidManifest.xml
		INJECTED from src/main/AndroidManifest.xml
	android:versionName
		ADDED from src/main/AndroidManifest.xml:5:5-32
		INJECTED from src/main/AndroidManifest.xml
		INJECTED from src/main/AndroidManifest.xml
	xmlns:android
		ADDED from src/main/AndroidManifest.xml:2:11-69
	android:versionCode
		ADDED from src/main/AndroidManifest.xml:4:5-29
		INJECTED from src/main/AndroidManifest.xml
		INJECTED from src/main/AndroidManifest.xml
uses-sdk
ADDED from src/main/AndroidManifest.xml:7:5-43
INJECTED from src/main/AndroidManifest.xml:7:5-43
INJECTED from src/main/AndroidManifest.xml:7:5-43
INJECTED from src/main/AndroidManifest.xml:7:5-43
INJECTED from src/main/AndroidManifest.xml:7:5-43
	android:targetSdkVersion
		INJECTED from src/main/AndroidManifest.xml
		ADDED from src/main/AndroidManifest.xml:7:5-43
		INJECTED from src/main/AndroidManifest.xml
	android:minSdkVersion
		ADDED from src/main/AndroidManifest.xml:7:15-40
		INJECTED from src/main/AndroidManifest.xml
		INJECTED from src/main/AndroidManifest.xml
uses-permission#android.permission.ACCESS_NETWORK_STATE
ADDED from src/main/AndroidManifest.xml:9:5-79
	android:name
		ADDED from src/main/AndroidManifest.xml:9:22-76
uses-permission#android.permission.CHANGE_NETWORK_STATE
ADDED from src/main/AndroidManifest.xml:10:5-79
	android:name
		ADDED from src/main/AndroidManifest.xml:10:22-76
uses-permission#android.permission.ACCESS_WIFI_STATE
ADDED from src/main/AndroidManifest.xml:11:5-76
	android:name
		ADDED from src/main/AndroidManifest.xml:11:22-73
uses-permission#android.permission.CHANGE_WIFI_STATE
ADDED from src/main/AndroidManifest.xml:12:5-76
	android:name
		ADDED from src/main/AndroidManifest.xml:12:22-73
uses-permission#android.permission.READ_PHONE_STATE
ADDED from src/main/AndroidManifest.xml:13:5-75
	android:name
		ADDED from src/main/AndroidManifest.xml:13:22-72
uses-permission#android.permission.RECEIVE_SMS
ADDED from src/main/AndroidManifest.xml:14:5-70
	android:name
		ADDED from src/main/AndroidManifest.xml:14:22-67
uses-permission#android.permission.RECEIVE_MMS
ADDED from src/main/AndroidManifest.xml:15:5-70
	android:name
		ADDED from src/main/AndroidManifest.xml:15:22-67
uses-permission#android.permission.SEND_SMS
ADDED from src/main/AndroidManifest.xml:16:5-67
	android:name
		ADDED from src/main/AndroidManifest.xml:16:22-64
uses-permission#android.permission.READ_SMS
ADDED from src/main/AndroidManifest.xml:17:5-67
	android:name
		ADDED from src/main/AndroidManifest.xml:17:22-64
uses-permission#android.permission.WRITE_SMS
ADDED from src/main/AndroidManifest.xml:18:5-68
	android:name
		ADDED from src/main/AndroidManifest.xml:18:22-65
uses-permission#android.permission.WAKE_LOCK
ADDED from src/main/AndroidManifest.xml:19:5-68
	android:name
		ADDED from src/main/AndroidManifest.xml:19:22-65
uses-permission#android.permission.RECEIVE_BOOT_COMPLETED
ADDED from src/main/AndroidManifest.xml:20:5-81
	android:name
		ADDED from src/main/AndroidManifest.xml:20:22-78
uses-permission#android.permission.INTERNET
ADDED from src/main/AndroidManifest.xml:21:5-67
	android:name
		ADDED from src/main/AndroidManifest.xml:21:22-64
uses-permission#android.permission.WRITE_SETTINGS
ADDED from src/main/AndroidManifest.xml:22:5-73
	android:name
		ADDED from src/main/AndroidManifest.xml:22:22-70
application
ADDED from src/main/AndroidManifest.xml:24:5-160:19
	android:label
		ADDED from src/main/AndroidManifest.xml:25:39-71
	android:icon
		ADDED from src/main/AndroidManifest.xml:25:9-38
	android:name
		ADDED from src/main/AndroidManifest.xml:24:18-58
activity#com.eazita.smsgateway.ui.Main
ADDED from src/main/AndroidManifest.xml:26:9-31:20
	android:label
		ADDED from src/main/AndroidManifest.xml:26:64-96
	android:noHistory
		ADDED from src/main/AndroidManifest.xml:26:97-121
	android:name
		ADDED from src/main/AndroidManifest.xml:26:19-63
intent-filter#android.intent.action.MAIN+android.intent.category.LAUNCHER
ADDED from src/main/AndroidManifest.xml:27:13-30:29
action#android.intent.action.MAIN
ADDED from src/main/AndroidManifest.xml:28:17-69
	android:name
		ADDED from src/main/AndroidManifest.xml:28:25-66
category#android.intent.category.LAUNCHER
ADDED from src/main/AndroidManifest.xml:29:17-77
	android:name
		ADDED from src/main/AndroidManifest.xml:29:27-74
activity#com.eazita.smsgateway.ui.LogView
ADDED from src/main/AndroidManifest.xml:33:9-34:20
	android:label
		ADDED from src/main/AndroidManifest.xml:33:67-105
	android:name
		ADDED from src/main/AndroidManifest.xml:33:19-66
activity#com.eazita.smsgateway.ui.Help
ADDED from src/main/AndroidManifest.xml:36:9-37:20
	android:label
		ADDED from src/main/AndroidManifest.xml:36:64-98
	android:name
		ADDED from src/main/AndroidManifest.xml:36:19-63
activity#com.eazita.smsgateway.ui.TestPhoneNumbers
ADDED from src/main/AndroidManifest.xml:39:9-40:20
	android:label
		ADDED from src/main/AndroidManifest.xml:39:76-124
	android:name
		ADDED from src/main/AndroidManifest.xml:39:19-75
activity#com.eazita.smsgateway.ui.IgnoredPhoneNumbers
ADDED from src/main/AndroidManifest.xml:42:9-43:20
	android:label
		ADDED from src/main/AndroidManifest.xml:42:79-130
	android:name
		ADDED from src/main/AndroidManifest.xml:42:19-78
activity#com.eazita.smsgateway.ui.MessagingSmsInbox
ADDED from src/main/AndroidManifest.xml:45:9-46:20
	android:label
		ADDED from src/main/AndroidManifest.xml:45:77-120
	android:name
		ADDED from src/main/AndroidManifest.xml:45:19-76
activity#com.eazita.smsgateway.ui.MessagingMmsInbox
ADDED from src/main/AndroidManifest.xml:48:9-49:20
	android:label
		ADDED from src/main/AndroidManifest.xml:48:77-120
	android:name
		ADDED from src/main/AndroidManifest.xml:48:19-76
activity#com.eazita.smsgateway.ui.MessagingSentSms
ADDED from src/main/AndroidManifest.xml:51:9-52:20
	android:label
		ADDED from src/main/AndroidManifest.xml:51:76-119
	android:name
		ADDED from src/main/AndroidManifest.xml:51:19-75
activity#com.eazita.smsgateway.ui.PendingMessages
ADDED from src/main/AndroidManifest.xml:54:9-55:20
	android:label
		ADDED from src/main/AndroidManifest.xml:54:75-121
	android:name
		ADDED from src/main/AndroidManifest.xml:54:19-74
activity#com.eazita.smsgateway.ui.Prefs
ADDED from src/main/AndroidManifest.xml:57:9-58:20
	android:label
		ADDED from src/main/AndroidManifest.xml:57:65-103
	android:name
		ADDED from src/main/AndroidManifest.xml:57:19-64
activity#com.eazita.smsgateway.ui.ExpansionPacks
ADDED from src/main/AndroidManifest.xml:60:9-61:20
	android:label
		ADDED from src/main/AndroidManifest.xml:60:74-93
	android:name
		ADDED from src/main/AndroidManifest.xml:60:19-73
receiver#com.eazita.smsgateway.receiver.SmsReceiver
ADDED from src/main/AndroidManifest.xml:63:9-67:20
	android:name
		ADDED from src/main/AndroidManifest.xml:63:19-76
intent-filter#android.provider.Telephony.SMS_RECEIVED
ADDED from src/main/AndroidManifest.xml:64:13-66:29
	android:priority
		ADDED from src/main/AndroidManifest.xml:64:28-50
action#android.provider.Telephony.SMS_RECEIVED
ADDED from src/main/AndroidManifest.xml:65:17-82
	android:name
		ADDED from src/main/AndroidManifest.xml:65:25-79
receiver#com.eazita.smsgateway.receiver.OutgoingSmsReceiver
ADDED from src/main/AndroidManifest.xml:69:9-74:20
	android:name
		ADDED from src/main/AndroidManifest.xml:69:19-84
intent-filter#org.envaya.sms.OUTGOING_SMS
ADDED from src/main/AndroidManifest.xml:70:13-73:29
action#org.envaya.sms.OUTGOING_SMS
ADDED from src/main/AndroidManifest.xml:71:17-70
	android:name
		ADDED from src/main/AndroidManifest.xml:71:25-67
data
ADDED from src/main/AndroidManifest.xml:72:17-50
	android:scheme
		ADDED from src/main/AndroidManifest.xml:72:23-47
receiver#com.eazita.smsgateway.receiver.MessageStatusNotifier
ADDED from src/main/AndroidManifest.xml:76:9-81:20
	android:exported
		ADDED from src/main/AndroidManifest.xml:76:87-110
	android:name
		ADDED from src/main/AndroidManifest.xml:76:19-86
intent-filter#org.envaya.sms.MESSAGE_STATUS
ADDED from src/main/AndroidManifest.xml:77:13-80:29
action#org.envaya.sms.MESSAGE_STATUS
ADDED from src/main/AndroidManifest.xml:78:17-72
	android:name
		ADDED from src/main/AndroidManifest.xml:78:25-69
receiver#com.eazita.smsgateway.receiver.NudgeReceiver
ADDED from src/main/AndroidManifest.xml:83:9-88:20
	android:exported
		ADDED from src/main/AndroidManifest.xml:83:79-102
	android:name
		ADDED from src/main/AndroidManifest.xml:83:19-78
intent-filter#android.intent.action.BOOT_COMPLETED+org.envaya.sms.NUDGE
ADDED from src/main/AndroidManifest.xml:84:13-87:29
action#org.envaya.sms.NUDGE
ADDED from src/main/AndroidManifest.xml:85:17-63
	android:name
		ADDED from src/main/AndroidManifest.xml:85:25-60
action#android.intent.action.BOOT_COMPLETED
ADDED from src/main/AndroidManifest.xml:86:17-79
	android:name
		ADDED from src/main/AndroidManifest.xml:86:25-76
receiver#com.eazita.smsgateway.receiver.DequeueOutgoingMessageReceiver
ADDED from src/main/AndroidManifest.xml:101:9-102:20
	android:name
		ADDED from src/main/AndroidManifest.xml:101:19-95
receiver#com.eazita.smsgateway.receiver.OutgoingMessageTimeout
ADDED from src/main/AndroidManifest.xml:104:9-105:20
	android:name
		ADDED from src/main/AndroidManifest.xml:104:19-87
receiver#com.eazita.smsgateway.receiver.OutgoingMessagePoller
ADDED from src/main/AndroidManifest.xml:107:9-108:20
	android:name
		ADDED from src/main/AndroidManifest.xml:107:19-86
receiver#com.eazita.smsgateway.receiver.OutgoingMessageRetry
ADDED from src/main/AndroidManifest.xml:110:9-111:20
	android:name
		ADDED from src/main/AndroidManifest.xml:110:19-85
receiver#com.eazita.smsgateway.receiver.IncomingMessageRetry
ADDED from src/main/AndroidManifest.xml:113:9-114:20
	android:name
		ADDED from src/main/AndroidManifest.xml:113:19-85
receiver#com.eazita.smsgateway.receiver.ReenableWifiReceiver
ADDED from src/main/AndroidManifest.xml:116:9-117:20
	android:name
		ADDED from src/main/AndroidManifest.xml:116:19-85
receiver#com.eazita.smsgateway.receiver.StartAmqpConsumer
ADDED from src/main/AndroidManifest.xml:119:9-120:20
	android:name
		ADDED from src/main/AndroidManifest.xml:119:19-82
receiver#com.eazita.smsgateway.receiver.ExpansionPackInstallReceiver
ADDED from src/main/AndroidManifest.xml:122:9-129:20
	android:name
		ADDED from src/main/AndroidManifest.xml:122:19-93
intent-filter#android.intent.action.PACKAGE_ADDED+android.intent.action.PACKAGE_REMOVED+android.intent.action.PACKAGE_REPLACED
ADDED from src/main/AndroidManifest.xml:123:13-128:29
action#android.intent.action.PACKAGE_ADDED
ADDED from src/main/AndroidManifest.xml:124:17-78
	android:name
		ADDED from src/main/AndroidManifest.xml:124:25-75
action#android.intent.action.PACKAGE_REMOVED
ADDED from src/main/AndroidManifest.xml:125:17-80
	android:name
		ADDED from src/main/AndroidManifest.xml:125:25-77
action#android.intent.action.PACKAGE_REPLACED
ADDED from src/main/AndroidManifest.xml:126:17-81
	android:name
		ADDED from src/main/AndroidManifest.xml:126:25-78
receiver#com.eazita.smsgateway.receiver.ConnectivityChangeReceiver
ADDED from src/main/AndroidManifest.xml:131:9-135:20
	android:name
		ADDED from src/main/AndroidManifest.xml:131:19-91
intent-filter#android.net.conn.CONNECTIVITY_CHANGE
ADDED from src/main/AndroidManifest.xml:132:13-134:29
action#android.net.conn.CONNECTIVITY_CHANGE
ADDED from src/main/AndroidManifest.xml:133:17-79
	android:name
		ADDED from src/main/AndroidManifest.xml:133:25-76
receiver#com.eazita.smsgateway.receiver.DeviceStatusReceiver
ADDED from src/main/AndroidManifest.xml:137:9-144:20
	android:name
		ADDED from src/main/AndroidManifest.xml:137:19-85
intent-filter#android.intent.action.ACTION_POWER_CONNECTED+android.intent.action.ACTION_POWER_DISCONNECTED+android.intent.action.BATTERY_LOW+android.intent.action.BATTERY_OKAY
ADDED from src/main/AndroidManifest.xml:138:13-143:29
action#android.intent.action.ACTION_POWER_CONNECTED
ADDED from src/main/AndroidManifest.xml:139:17-87
	android:name
		ADDED from src/main/AndroidManifest.xml:139:25-84
action#android.intent.action.ACTION_POWER_DISCONNECTED
ADDED from src/main/AndroidManifest.xml:140:17-90
	android:name
		ADDED from src/main/AndroidManifest.xml:140:25-87
action#android.intent.action.BATTERY_LOW
ADDED from src/main/AndroidManifest.xml:141:17-76
	android:name
		ADDED from src/main/AndroidManifest.xml:141:25-73
action#android.intent.action.BATTERY_OKAY
ADDED from src/main/AndroidManifest.xml:142:17-77
	android:name
		ADDED from src/main/AndroidManifest.xml:142:25-74
service#com.eazita.smsgateway.service.CheckMessagingService
ADDED from src/main/AndroidManifest.xml:146:9-147:19
	android:name
		ADDED from src/main/AndroidManifest.xml:146:18-84
service#com.eazita.smsgateway.service.EnabledChangedService
ADDED from src/main/AndroidManifest.xml:149:9-150:19
	android:name
		ADDED from src/main/AndroidManifest.xml:149:18-84
service#com.eazita.smsgateway.service.ForegroundService
ADDED from src/main/AndroidManifest.xml:152:9-153:19
	android:name
		ADDED from src/main/AndroidManifest.xml:152:18-80
service#com.eazita.smsgateway.service.AmqpConsumerService
ADDED from src/main/AndroidManifest.xml:155:9-156:19
	android:name
		ADDED from src/main/AndroidManifest.xml:155:18-82
service#com.eazita.smsgateway.service.AmqpHeartbeatService
ADDED from src/main/AndroidManifest.xml:158:9-159:19
	android:name
		ADDED from src/main/AndroidManifest.xml:158:18-83